   0  $accept : programa $end

   1  programa : '{' sentencias '}'
   2           | '{' '}'
   3           | '{' sentencias '}' error
   4           | '{' '}' error
   5           | sentencias
   6           | '{' sentencias
   7           | sentencias '}'
   8           | '{' comas sentencias '}'
   9           | '{' comas '}'
  10           | comas
  11           | '{' comas
  12           | comas '}'
  13           | '{' comas sentencias
  14           | comas sentencias '}'
  15           | comas sentencias

  16  sentencias : sentencias sentencia
  17             | sentencia

  18  sentencia : declarativa comas
  19            | ejecutable comas
  20            | declarativa
  21            | ejecutable
  22            | error ','

  23  comas : ',' comas
  24        | ','

  25  declarativa : tipo lista_de_variables
  26              | declaracion_clase
  27              | declaracion_objeto
  28              | declaracion_funcion

  29  declaracion_funcion : funcion_name '(' parametro ')' '{' cuerpo_de_la_funcion '}'
  30                      | VOID '(' parametro ')' '{' cuerpo_de_la_funcion '}'
  31                      | funcion_name '(' parametro ')' '{' '}'

  32  funcion_name : VOID IDENTIFICADOR

  33  declaracion_clase : CLASS IDENTIFICADOR '{' lista_atributos_y_metodos '}'
  34                    | CLASS IDENTIFICADOR
  35                    | CLASS IDENTIFICADOR '{' '}'

  36  lista_atributos_y_metodos : lista_atributos_y_metodos tipo lista_de_variables ','
  37                            | lista_atributos_y_metodos metodo ','
  38                            | tipo lista_de_variables ','
  39                            | metodo ','

  40  metodo : metodo_name '(' parametro ')' '{' cuerpo_de_la_funcion '}'
  41         | metodo_name '(' parametro ')' '{' '}'

  42  metodo_name : VOID IDENTIFICADOR
  43              | VOID

  44  declaracion_objeto : IDENTIFICADOR lista_de_objetos

  45  lista_de_objetos : lista_de_objetos ';' IDENTIFICADOR
  46                   | IDENTIFICADOR

  47  tipo : SHORT
  48       | UINT
  49       | FLOAT

  50  lista_de_variables : lista_de_variables ';' IDENTIFICADOR
  51                     | IDENTIFICADOR

  52  parametro : tipo IDENTIFICADOR
  53            | tipo
  54            | IDENTIFICADOR
  55            |

  56  cuerpo_de_la_funcion : cuerpo_de_la_funcion_sin_return
  57                       | cuerpo_de_la_funcion_con_return

  58  cuerpo_de_la_funcion_con_return : cuerpo_de_la_funcion_sin_return RETURN ','
  59                                  | RETURN ','
  60                                  | RETURN ',' cuerpo_de_la_funcion_sin_return
  61                                  | RETURN ',' cuerpo_de_la_funcion_con_return

  62  cuerpo_de_la_funcion_sin_return : cuerpo_de_la_funcion_sin_return sentencia
  63                                  | sentencia

  64  ejecutable : asignacion
  65             | invocacion
  66             | seleccion
  67             | PRINT CADENA_CARACTERES
  68             | ciclo_while
  69             | PRINT

  70  asignacion : IDENTIFICADOR '=' expresion_aritmetica
  71             | IDENTIFICADOR '.' IDENTIFICADOR '=' expresion_aritmetica

  72  invocacion : IDENTIFICADOR '(' expresion_aritmetica ')'
  73             | IDENTIFICADOR '(' ')'
  74             | IDENTIFICADOR '.' IDENTIFICADOR '(' expresion_aritmetica ')'
  75             | IDENTIFICADOR '.' IDENTIFICADOR '(' ')'

  76  expresion_aritmetica : expresion_aritmetica '+' termino
  77                       | expresion_aritmetica '-' termino
  78                       | expresion_aritmetica '-' '*' termino
  79                       | expresion_aritmetica '+' '*' termino
  80                       | expresion_aritmetica '-' '/' termino
  81                       | expresion_aritmetica '+' '/' termino
  82                       | termino

  83  termino : termino '*' factor
  84          | termino '/' factor
  85          | factor

  86  seleccion : IF bloque_condicion cuerpo_if

  87  bloque_condicion : '(' condicion ')'
  88                   | '(' condicion
  89                   | condicion ')'
  90                   | condicion
  91                   | '(' ')'

  92  cuerpo_if : cuerpo_then else_if cuerpo_else END_IF
  93            | cuerpo_then cuerpo_else END_IF
  94            | cuerpo_then END_IF

  95  cuerpo_then : bloque_ejecutables

  96  cuerpo_else : bloque_ejecutables

  97  else_if : ELSE

  98  ciclo_while : inicio_while bloque_condicion DO cuerpo_while
  99              | inicio_while bloque_condicion cuerpo_while

 100  inicio_while : WHILE

 101  cuerpo_while : bloque_ejecutables

 102  condicion : expresion_aritmetica '>' expresion_aritmetica
 103            | expresion_aritmetica '<' expresion_aritmetica
 104            | expresion_aritmetica COMPARADOR_IGUAL_IGUAL expresion_aritmetica
 105            | expresion_aritmetica COMPARADOR_DISTINTO expresion_aritmetica
 106            | expresion_aritmetica COMPARADOR_MAYOR_IGUAL expresion_aritmetica
 107            | expresion_aritmetica COMPARADOR_MENOR_IGUAL expresion_aritmetica

 108  bloque_ejecutables : '{' sentencias_ejecutables '}'
 109                     | '{' sentencias_ejecutables RETURN ',' '}'
 110                     | ejecutable ','
 111                     | declarativa ','
 112                     | '{' RETURN ',' '}'
 113                     | RETURN ','

 114  sentencias_ejecutables : sentencias_ejecutables ejecutable ','
 115                         | sentencias_ejecutables ejecutable
 116                         | ejecutable ','
 117                         | ejecutable
 118                         | sentencias_ejecutables declarativa ','
 119                         | sentencias_ejecutables declarativa
 120                         | declarativa ','
 121                         | declarativa
 122                         | ','
 123                         | error ','

 124  factor : IDENTIFICADOR
 125         | IDENTIFICADOR OPERADOR_SUMA_SUMA
 126         | constanteSinSigno
 127         | constanteConSigno
 128         | TOF '(' expresion_aritmetica ')'
 129         | IDENTIFICADOR '.' IDENTIFICADOR

 130  constanteSinSigno : ENTERO_SIN_SIGNO
 131                    | CADENA_CARACTERES

 132  constanteConSigno : ENTERO_CORTO
 133                    | '-' ENTERO_CORTO
 134                    | PUNTO_FLOTANTE
 135                    | '-' PUNTO_FLOTANTE
 136                    | '-'

state 0
	$accept : . programa $end  (0)

	error  shift 1
	IDENTIFICADOR  shift 2
	VOID  shift 3
	IF  shift 4
	PRINT  shift 5
	WHILE  shift 6
	SHORT  shift 7
	UINT  shift 8
	FLOAT  shift 9
	CLASS  shift 10
	'{'  shift 11
	','  shift 12
	.  error

	programa  goto 13
	sentencias  goto 14
	comas  goto 15
	sentencia  goto 16
	declarativa  goto 17
	ejecutable  goto 18
	tipo  goto 19
	declaracion_clase  goto 20
	declaracion_objeto  goto 21
	declaracion_funcion  goto 22
	funcion_name  goto 23
	asignacion  goto 24
	invocacion  goto 25
	seleccion  goto 26
	ciclo_while  goto 27
	inicio_while  goto 28


state 1
	sentencia : error . ','  (22)

	','  shift 29
	.  error


state 2
	declaracion_objeto : IDENTIFICADOR . lista_de_objetos  (44)
	asignacion : IDENTIFICADOR . '=' expresion_aritmetica  (70)
	asignacion : IDENTIFICADOR . '.' IDENTIFICADOR '=' expresion_aritmetica  (71)
	invocacion : IDENTIFICADOR . '(' expresion_aritmetica ')'  (72)
	invocacion : IDENTIFICADOR . '(' ')'  (73)
	invocacion : IDENTIFICADOR . '.' IDENTIFICADOR '(' expresion_aritmetica ')'  (74)
	invocacion : IDENTIFICADOR . '.' IDENTIFICADOR '(' ')'  (75)

	IDENTIFICADOR  shift 30
	'('  shift 31
	'='  shift 32
	'.'  shift 33
	.  error

	lista_de_objetos  goto 34


state 3
	declaracion_funcion : VOID . '(' parametro ')' '{' cuerpo_de_la_funcion '}'  (30)
	funcion_name : VOID . IDENTIFICADOR  (32)

	IDENTIFICADOR  shift 35
	'('  shift 36
	.  error


state 4
	seleccion : IF . bloque_condicion cuerpo_if  (86)

	IDENTIFICADOR  shift 37
	ENTERO_SIN_SIGNO  shift 38
	ENTERO_CORTO  shift 39
	PUNTO_FLOTANTE  shift 40
	CADENA_CARACTERES  shift 41
	TOF  shift 42
	'('  shift 43
	'-'  shift 44
	.  error

	expresion_aritmetica  goto 45
	termino  goto 46
	factor  goto 47
	bloque_condicion  goto 48
	condicion  goto 49
	constanteSinSigno  goto 50
	constanteConSigno  goto 51


state 5
	ejecutable : PRINT . CADENA_CARACTERES  (67)
	ejecutable : PRINT .  (69)

	CADENA_CARACTERES  shift 52
	$end  reduce 69
	error  reduce 69
	IDENTIFICADOR  reduce 69
	VOID  reduce 69
	RETURN  reduce 69
	IF  reduce 69
	PRINT  reduce 69
	WHILE  reduce 69
	SHORT  reduce 69
	UINT  reduce 69
	FLOAT  reduce 69
	CLASS  reduce 69
	'}'  reduce 69
	','  reduce 69


state 6
	inicio_while : WHILE .  (100)

	.  reduce 100


state 7
	tipo : SHORT .  (47)

	.  reduce 47


state 8
	tipo : UINT .  (48)

	.  reduce 48


state 9
	tipo : FLOAT .  (49)

	.  reduce 49


state 10
	declaracion_clase : CLASS . IDENTIFICADOR '{' lista_atributos_y_metodos '}'  (33)
	declaracion_clase : CLASS . IDENTIFICADOR  (34)
	declaracion_clase : CLASS . IDENTIFICADOR '{' '}'  (35)

	IDENTIFICADOR  shift 53
	.  error


state 11
	programa : '{' . sentencias '}'  (1)
	programa : '{' . '}'  (2)
	programa : '{' . sentencias '}' error  (3)
	programa : '{' . '}' error  (4)
	programa : '{' . sentencias  (6)
	programa : '{' . comas sentencias '}'  (8)
	programa : '{' . comas '}'  (9)
	programa : '{' . comas  (11)
	programa : '{' . comas sentencias  (13)

	error  shift 1
	IDENTIFICADOR  shift 2
	VOID  shift 3
	IF  shift 4
	PRINT  shift 5
	WHILE  shift 6
	SHORT  shift 7
	UINT  shift 8
	FLOAT  shift 9
	CLASS  shift 10
	'}'  shift 54
	','  shift 12
	.  error

	sentencias  goto 55
	comas  goto 56
	sentencia  goto 16
	declarativa  goto 17
	ejecutable  goto 18
	tipo  goto 19
	declaracion_clase  goto 20
	declaracion_objeto  goto 21
	declaracion_funcion  goto 22
	funcion_name  goto 23
	asignacion  goto 24
	invocacion  goto 25
	seleccion  goto 26
	ciclo_while  goto 27
	inicio_while  goto 28


state 12
	comas : ',' . comas  (23)
	comas : ',' .  (24)

	','  shift 12
	$end  reduce 24
	error  reduce 24
	IDENTIFICADOR  reduce 24
	VOID  reduce 24
	RETURN  reduce 24
	IF  reduce 24
	PRINT  reduce 24
	WHILE  reduce 24
	SHORT  reduce 24
	UINT  reduce 24
	FLOAT  reduce 24
	CLASS  reduce 24
	'}'  reduce 24

	comas  goto 57


state 13
	$accept : programa . $end  (0)

	$end  accept


state 14
	programa : sentencias .  (5)
	programa : sentencias . '}'  (7)
	sentencias : sentencias . sentencia  (16)

	error  shift 1
	IDENTIFICADOR  shift 2
	VOID  shift 3
	IF  shift 4
	PRINT  shift 5
	WHILE  shift 6
	SHORT  shift 7
	UINT  shift 8
	FLOAT  shift 9
	CLASS  shift 10
	'}'  shift 58
	$end  reduce 5

	sentencia  goto 59
	declarativa  goto 17
	ejecutable  goto 18
	tipo  goto 19
	declaracion_clase  goto 20
	declaracion_objeto  goto 21
	declaracion_funcion  goto 22
	funcion_name  goto 23
	asignacion  goto 24
	invocacion  goto 25
	seleccion  goto 26
	ciclo_while  goto 27
	inicio_while  goto 28


state 15
	programa : comas .  (10)
	programa : comas . '}'  (12)
	programa : comas . sentencias '}'  (14)
	programa : comas . sentencias  (15)

	error  shift 1
	IDENTIFICADOR  shift 2
	VOID  shift 3
	IF  shift 4
	PRINT  shift 5
	WHILE  shift 6
	SHORT  shift 7
	UINT  shift 8
	FLOAT  shift 9
	CLASS  shift 10
	'}'  shift 60
	$end  reduce 10

	sentencias  goto 61
	sentencia  goto 16
	declarativa  goto 17
	ejecutable  goto 18
	tipo  goto 19
	declaracion_clase  goto 20
	declaracion_objeto  goto 21
	declaracion_funcion  goto 22
	funcion_name  goto 23
	asignacion  goto 24
	invocacion  goto 25
	seleccion  goto 26
	ciclo_while  goto 27
	inicio_while  goto 28


state 16
	sentencias : sentencia .  (17)

	.  reduce 17


state 17
	sentencia : declarativa . comas  (18)
	sentencia : declarativa .  (20)

	','  shift 12
	$end  reduce 20
	error  reduce 20
	IDENTIFICADOR  reduce 20
	VOID  reduce 20
	RETURN  reduce 20
	IF  reduce 20
	PRINT  reduce 20
	WHILE  reduce 20
	SHORT  reduce 20
	UINT  reduce 20
	FLOAT  reduce 20
	CLASS  reduce 20
	'}'  reduce 20

	comas  goto 62


state 18
	sentencia : ejecutable . comas  (19)
	sentencia : ejecutable .  (21)

	','  shift 12
	$end  reduce 21
	error  reduce 21
	IDENTIFICADOR  reduce 21
	VOID  reduce 21
	RETURN  reduce 21
	IF  reduce 21
	PRINT  reduce 21
	WHILE  reduce 21
	SHORT  reduce 21
	UINT  reduce 21
	FLOAT  reduce 21
	CLASS  reduce 21
	'}'  reduce 21

	comas  goto 63


state 19
	declarativa : tipo . lista_de_variables  (25)

	IDENTIFICADOR  shift 64
	.  error

	lista_de_variables  goto 65


state 20
	declarativa : declaracion_clase .  (26)

	.  reduce 26


state 21
	declarativa : declaracion_objeto .  (27)

	.  reduce 27


state 22
	declarativa : declaracion_funcion .  (28)

	.  reduce 28


state 23
	declaracion_funcion : funcion_name . '(' parametro ')' '{' cuerpo_de_la_funcion '}'  (29)
	declaracion_funcion : funcion_name . '(' parametro ')' '{' '}'  (31)

	'('  shift 66
	.  error


state 24
	ejecutable : asignacion .  (64)

	.  reduce 64


state 25
	ejecutable : invocacion .  (65)

	.  reduce 65


state 26
	ejecutable : seleccion .  (66)

	.  reduce 66


state 27
	ejecutable : ciclo_while .  (68)

	.  reduce 68


state 28
	ciclo_while : inicio_while . bloque_condicion DO cuerpo_while  (98)
	ciclo_while : inicio_while . bloque_condicion cuerpo_while  (99)

	IDENTIFICADOR  shift 37
	ENTERO_SIN_SIGNO  shift 38
	ENTERO_CORTO  shift 39
	PUNTO_FLOTANTE  shift 40
	CADENA_CARACTERES  shift 41
	TOF  shift 42
	'('  shift 43
	'-'  shift 44
	.  error

	expresion_aritmetica  goto 45
	termino  goto 46
	factor  goto 47
	bloque_condicion  goto 67
	condicion  goto 49
	constanteSinSigno  goto 50
	constanteConSigno  goto 51


state 29
	sentencia : error ',' .  (22)

	.  reduce 22


state 30
	lista_de_objetos : IDENTIFICADOR .  (46)

	.  reduce 46


state 31
	invocacion : IDENTIFICADOR '(' . expresion_aritmetica ')'  (72)
	invocacion : IDENTIFICADOR '(' . ')'  (73)

	IDENTIFICADOR  shift 37
	ENTERO_SIN_SIGNO  shift 38
	ENTERO_CORTO  shift 39
	PUNTO_FLOTANTE  shift 40
	CADENA_CARACTERES  shift 41
	TOF  shift 42
	')'  shift 68
	'-'  shift 44
	.  error

	expresion_aritmetica  goto 69
	termino  goto 46
	factor  goto 47
	constanteSinSigno  goto 50
	constanteConSigno  goto 51


state 32
	asignacion : IDENTIFICADOR '=' . expresion_aritmetica  (70)

	IDENTIFICADOR  shift 37
	ENTERO_SIN_SIGNO  shift 38
	ENTERO_CORTO  shift 39
	PUNTO_FLOTANTE  shift 40
	CADENA_CARACTERES  shift 41
	TOF  shift 42
	'-'  shift 44
	.  error

	expresion_aritmetica  goto 70
	termino  goto 46
	factor  goto 47
	constanteSinSigno  goto 50
	constanteConSigno  goto 51


state 33
	asignacion : IDENTIFICADOR '.' . IDENTIFICADOR '=' expresion_aritmetica  (71)
	invocacion : IDENTIFICADOR '.' . IDENTIFICADOR '(' expresion_aritmetica ')'  (74)
	invocacion : IDENTIFICADOR '.' . IDENTIFICADOR '(' ')'  (75)

	IDENTIFICADOR  shift 71
	.  error


state 34
	declaracion_objeto : IDENTIFICADOR lista_de_objetos .  (44)
	lista_de_objetos : lista_de_objetos . ';' IDENTIFICADOR  (45)

	';'  shift 72
	$end  reduce 44
	error  reduce 44
	IDENTIFICADOR  reduce 44
	VOID  reduce 44
	RETURN  reduce 44
	IF  reduce 44
	PRINT  reduce 44
	WHILE  reduce 44
	SHORT  reduce 44
	UINT  reduce 44
	FLOAT  reduce 44
	CLASS  reduce 44
	'}'  reduce 44
	','  reduce 44


state 35
	funcion_name : VOID IDENTIFICADOR .  (32)

	.  reduce 32


state 36
	declaracion_funcion : VOID '(' . parametro ')' '{' cuerpo_de_la_funcion '}'  (30)
	parametro : .  (55)

	IDENTIFICADOR  shift 73
	SHORT  shift 7
	UINT  shift 8
	FLOAT  shift 9
	')'  reduce 55

	tipo  goto 74
	parametro  goto 75


state 37
	factor : IDENTIFICADOR .  (124)
	factor : IDENTIFICADOR . OPERADOR_SUMA_SUMA  (125)
	factor : IDENTIFICADOR . '.' IDENTIFICADOR  (129)

	OPERADOR_SUMA_SUMA  shift 76
	'.'  shift 77
	$end  reduce 124
	error  reduce 124
	IDENTIFICADOR  reduce 124
	COMPARADOR_IGUAL_IGUAL  reduce 124
	COMPARADOR_DISTINTO  reduce 124
	COMPARADOR_MENOR_IGUAL  reduce 124
	COMPARADOR_MAYOR_IGUAL  reduce 124
	VOID  reduce 124
	RETURN  reduce 124
	IF  reduce 124
	PRINT  reduce 124
	WHILE  reduce 124
	DO  reduce 124
	SHORT  reduce 124
	UINT  reduce 124
	FLOAT  reduce 124
	CLASS  reduce 124
	'{'  reduce 124
	'}'  reduce 124
	','  reduce 124
	')'  reduce 124
	'+'  reduce 124
	'-'  reduce 124
	'*'  reduce 124
	'/'  reduce 124
	'>'  reduce 124
	'<'  reduce 124


state 38
	constanteSinSigno : ENTERO_SIN_SIGNO .  (130)

	.  reduce 130


state 39
	constanteConSigno : ENTERO_CORTO .  (132)

	.  reduce 132


state 40
	constanteConSigno : PUNTO_FLOTANTE .  (134)

	.  reduce 134


state 41
	constanteSinSigno : CADENA_CARACTERES .  (131)

	.  reduce 131


state 42
	factor : TOF . '(' expresion_aritmetica ')'  (128)

	'('  shift 78
	.  error


state 43
	bloque_condicion : '(' . condicion ')'  (87)
	bloque_condicion : '(' . condicion  (88)
	bloque_condicion : '(' . ')'  (91)

	IDENTIFICADOR  shift 37
	ENTERO_SIN_SIGNO  shift 38
	ENTERO_CORTO  shift 39
	PUNTO_FLOTANTE  shift 40
	CADENA_CARACTERES  shift 41
	TOF  shift 42
	')'  shift 79
	'-'  shift 44
	.  error

	expresion_aritmetica  goto 45
	termino  goto 46
	factor  goto 47
	condicion  goto 80
	constanteSinSigno  goto 50
	constanteConSigno  goto 51


state 44
	constanteConSigno : '-' . ENTERO_CORTO  (133)
	constanteConSigno : '-' . PUNTO_FLOTANTE  (135)
	constanteConSigno : '-' .  (136)

	ENTERO_CORTO  shift 81
	PUNTO_FLOTANTE  shift 82
	$end  reduce 136
	error  reduce 136
	IDENTIFICADOR  reduce 136
	COMPARADOR_IGUAL_IGUAL  reduce 136
	COMPARADOR_DISTINTO  reduce 136
	COMPARADOR_MENOR_IGUAL  reduce 136
	COMPARADOR_MAYOR_IGUAL  reduce 136
	VOID  reduce 136
	RETURN  reduce 136
	IF  reduce 136
	PRINT  reduce 136
	WHILE  reduce 136
	DO  reduce 136
	SHORT  reduce 136
	UINT  reduce 136
	FLOAT  reduce 136
	CLASS  reduce 136
	'{'  reduce 136
	'}'  reduce 136
	','  reduce 136
	')'  reduce 136
	'+'  reduce 136
	'-'  reduce 136
	'*'  reduce 136
	'/'  reduce 136
	'>'  reduce 136
	'<'  reduce 136


state 45
	expresion_aritmetica : expresion_aritmetica . '+' termino  (76)
	expresion_aritmetica : expresion_aritmetica . '-' termino  (77)
	expresion_aritmetica : expresion_aritmetica . '-' '*' termino  (78)
	expresion_aritmetica : expresion_aritmetica . '+' '*' termino  (79)
	expresion_aritmetica : expresion_aritmetica . '-' '/' termino  (80)
	expresion_aritmetica : expresion_aritmetica . '+' '/' termino  (81)
	condicion : expresion_aritmetica . '>' expresion_aritmetica  (102)
	condicion : expresion_aritmetica . '<' expresion_aritmetica  (103)
	condicion : expresion_aritmetica . COMPARADOR_IGUAL_IGUAL expresion_aritmetica  (104)
	condicion : expresion_aritmetica . COMPARADOR_DISTINTO expresion_aritmetica  (105)
	condicion : expresion_aritmetica . COMPARADOR_MAYOR_IGUAL expresion_aritmetica  (106)
	condicion : expresion_aritmetica . COMPARADOR_MENOR_IGUAL expresion_aritmetica  (107)

	COMPARADOR_IGUAL_IGUAL  shift 83
	COMPARADOR_DISTINTO  shift 84
	COMPARADOR_MENOR_IGUAL  shift 85
	COMPARADOR_MAYOR_IGUAL  shift 86
	'+'  shift 87
	'-'  shift 88
	'>'  shift 89
	'<'  shift 90
	.  error


state 46
	expresion_aritmetica : termino .  (82)
	termino : termino . '*' factor  (83)
	termino : termino . '/' factor  (84)

	'*'  shift 91
	'/'  shift 92
	$end  reduce 82
	error  reduce 82
	IDENTIFICADOR  reduce 82
	COMPARADOR_IGUAL_IGUAL  reduce 82
	COMPARADOR_DISTINTO  reduce 82
	COMPARADOR_MENOR_IGUAL  reduce 82
	COMPARADOR_MAYOR_IGUAL  reduce 82
	VOID  reduce 82
	RETURN  reduce 82
	IF  reduce 82
	PRINT  reduce 82
	WHILE  reduce 82
	DO  reduce 82
	SHORT  reduce 82
	UINT  reduce 82
	FLOAT  reduce 82
	CLASS  reduce 82
	'{'  reduce 82
	'}'  reduce 82
	','  reduce 82
	')'  reduce 82
	'+'  reduce 82
	'-'  reduce 82
	'>'  reduce 82
	'<'  reduce 82


state 47
	termino : factor .  (85)

	.  reduce 85


state 48
	seleccion : IF bloque_condicion . cuerpo_if  (86)

	IDENTIFICADOR  shift 2
	VOID  shift 3
	RETURN  shift 93
	IF  shift 4
	PRINT  shift 5
	WHILE  shift 6
	SHORT  shift 7
	UINT  shift 8
	FLOAT  shift 9
	CLASS  shift 10
	'{'  shift 94
	.  error

	declarativa  goto 95
	ejecutable  goto 96
	tipo  goto 19
	declaracion_clase  goto 20
	declaracion_objeto  goto 21
	declaracion_funcion  goto 22
	funcion_name  goto 23
	asignacion  goto 24
	invocacion  goto 25
	seleccion  goto 26
	ciclo_while  goto 27
	cuerpo_if  goto 97
	cuerpo_then  goto 98
	bloque_ejecutables  goto 99
	inicio_while  goto 28


state 49
	bloque_condicion : condicion . ')'  (89)
	bloque_condicion : condicion .  (90)

	')'  shift 100
	IDENTIFICADOR  reduce 90
	VOID  reduce 90
	RETURN  reduce 90
	IF  reduce 90
	PRINT  reduce 90
	WHILE  reduce 90
	DO  reduce 90
	SHORT  reduce 90
	UINT  reduce 90
	FLOAT  reduce 90
	CLASS  reduce 90
	'{'  reduce 90


state 50
	factor : constanteSinSigno .  (126)

	.  reduce 126


state 51
	factor : constanteConSigno .  (127)

	.  reduce 127


state 52
	ejecutable : PRINT CADENA_CARACTERES .  (67)

	.  reduce 67


state 53
	declaracion_clase : CLASS IDENTIFICADOR . '{' lista_atributos_y_metodos '}'  (33)
	declaracion_clase : CLASS IDENTIFICADOR .  (34)
	declaracion_clase : CLASS IDENTIFICADOR . '{' '}'  (35)

	'{'  shift 101
	$end  reduce 34
	error  reduce 34
	IDENTIFICADOR  reduce 34
	VOID  reduce 34
	RETURN  reduce 34
	IF  reduce 34
	PRINT  reduce 34
	WHILE  reduce 34
	SHORT  reduce 34
	UINT  reduce 34
	FLOAT  reduce 34
	CLASS  reduce 34
	'}'  reduce 34
	','  reduce 34


state 54
	programa : '{' '}' .  (2)
	programa : '{' '}' . error  (4)

	error  shift 102
	$end  reduce 2


state 55
	programa : '{' sentencias . '}'  (1)
	programa : '{' sentencias . '}' error  (3)
	programa : '{' sentencias .  (6)
	sentencias : sentencias . sentencia  (16)

	error  shift 1
	IDENTIFICADOR  shift 2
	VOID  shift 3
	IF  shift 4
	PRINT  shift 5
	WHILE  shift 6
	SHORT  shift 7
	UINT  shift 8
	FLOAT  shift 9
	CLASS  shift 10
	'}'  shift 103
	$end  reduce 6

	sentencia  goto 59
	declarativa  goto 17
	ejecutable  goto 18
	tipo  goto 19
	declaracion_clase  goto 20
	declaracion_objeto  goto 21
	declaracion_funcion  goto 22
	funcion_name  goto 23
	asignacion  goto 24
	invocacion  goto 25
	seleccion  goto 26
	ciclo_while  goto 27
	inicio_while  goto 28


state 56
	programa : '{' comas . sentencias '}'  (8)
	programa : '{' comas . '}'  (9)
	programa : '{' comas .  (11)
	programa : '{' comas . sentencias  (13)

	error  shift 1
	IDENTIFICADOR  shift 2
	VOID  shift 3
	IF  shift 4
	PRINT  shift 5
	WHILE  shift 6
	SHORT  shift 7
	UINT  shift 8
	FLOAT  shift 9
	CLASS  shift 10
	'}'  shift 104
	$end  reduce 11

	sentencias  goto 105
	sentencia  goto 16
	declarativa  goto 17
	ejecutable  goto 18
	tipo  goto 19
	declaracion_clase  goto 20
	declaracion_objeto  goto 21
	declaracion_funcion  goto 22
	funcion_name  goto 23
	asignacion  goto 24
	invocacion  goto 25
	seleccion  goto 26
	ciclo_while  goto 27
	inicio_while  goto 28


state 57
	comas : ',' comas .  (23)

	.  reduce 23


state 58
	programa : sentencias '}' .  (7)

	.  reduce 7


state 59
	sentencias : sentencias sentencia .  (16)

	.  reduce 16


state 60
	programa : comas '}' .  (12)

	.  reduce 12


state 61
	programa : comas sentencias . '}'  (14)
	programa : comas sentencias .  (15)
	sentencias : sentencias . sentencia  (16)

	error  shift 1
	IDENTIFICADOR  shift 2
	VOID  shift 3
	IF  shift 4
	PRINT  shift 5
	WHILE  shift 6
	SHORT  shift 7
	UINT  shift 8
	FLOAT  shift 9
	CLASS  shift 10
	'}'  shift 106
	$end  reduce 15

	sentencia  goto 59
	declarativa  goto 17
	ejecutable  goto 18
	tipo  goto 19
	declaracion_clase  goto 20
	declaracion_objeto  goto 21
	declaracion_funcion  goto 22
	funcion_name  goto 23
	asignacion  goto 24
	invocacion  goto 25
	seleccion  goto 26
	ciclo_while  goto 27
	inicio_while  goto 28


state 62
	sentencia : declarativa comas .  (18)

	.  reduce 18


state 63
	sentencia : ejecutable comas .  (19)

	.  reduce 19


state 64
	lista_de_variables : IDENTIFICADOR .  (51)

	.  reduce 51


state 65
	declarativa : tipo lista_de_variables .  (25)
	lista_de_variables : lista_de_variables . ';' IDENTIFICADOR  (50)

	';'  shift 107
	$end  reduce 25
	error  reduce 25
	IDENTIFICADOR  reduce 25
	VOID  reduce 25
	RETURN  reduce 25
	IF  reduce 25
	PRINT  reduce 25
	WHILE  reduce 25
	SHORT  reduce 25
	UINT  reduce 25
	FLOAT  reduce 25
	CLASS  reduce 25
	'}'  reduce 25
	','  reduce 25


state 66
	declaracion_funcion : funcion_name '(' . parametro ')' '{' cuerpo_de_la_funcion '}'  (29)
	declaracion_funcion : funcion_name '(' . parametro ')' '{' '}'  (31)
	parametro : .  (55)

	IDENTIFICADOR  shift 73
	SHORT  shift 7
	UINT  shift 8
	FLOAT  shift 9
	')'  reduce 55

	tipo  goto 74
	parametro  goto 108


state 67
	ciclo_while : inicio_while bloque_condicion . DO cuerpo_while  (98)
	ciclo_while : inicio_while bloque_condicion . cuerpo_while  (99)

	IDENTIFICADOR  shift 2
	VOID  shift 3
	RETURN  shift 93
	IF  shift 4
	PRINT  shift 5
	WHILE  shift 6
	DO  shift 109
	SHORT  shift 7
	UINT  shift 8
	FLOAT  shift 9
	CLASS  shift 10
	'{'  shift 94
	.  error

	declarativa  goto 95
	ejecutable  goto 96
	tipo  goto 19
	declaracion_clase  goto 20
	declaracion_objeto  goto 21
	declaracion_funcion  goto 22
	funcion_name  goto 23
	asignacion  goto 24
	invocacion  goto 25
	seleccion  goto 26
	ciclo_while  goto 27
	bloque_ejecutables  goto 110
	inicio_while  goto 28
	cuerpo_while  goto 111


state 68
	invocacion : IDENTIFICADOR '(' ')' .  (73)

	.  reduce 73


state 69
	invocacion : IDENTIFICADOR '(' expresion_aritmetica . ')'  (72)
	expresion_aritmetica : expresion_aritmetica . '+' termino  (76)
	expresion_aritmetica : expresion_aritmetica . '-' termino  (77)
	expresion_aritmetica : expresion_aritmetica . '-' '*' termino  (78)
	expresion_aritmetica : expresion_aritmetica . '+' '*' termino  (79)
	expresion_aritmetica : expresion_aritmetica . '-' '/' termino  (80)
	expresion_aritmetica : expresion_aritmetica . '+' '/' termino  (81)

	')'  shift 112
	'+'  shift 87
	'-'  shift 88
	.  error


state 70
	asignacion : IDENTIFICADOR '=' expresion_aritmetica .  (70)
	expresion_aritmetica : expresion_aritmetica . '+' termino  (76)
	expresion_aritmetica : expresion_aritmetica . '-' termino  (77)
	expresion_aritmetica : expresion_aritmetica . '-' '*' termino  (78)
	expresion_aritmetica : expresion_aritmetica . '+' '*' termino  (79)
	expresion_aritmetica : expresion_aritmetica . '-' '/' termino  (80)
	expresion_aritmetica : expresion_aritmetica . '+' '/' termino  (81)

	'+'  shift 87
	'-'  shift 88
	$end  reduce 70
	error  reduce 70
	IDENTIFICADOR  reduce 70
	VOID  reduce 70
	RETURN  reduce 70
	IF  reduce 70
	PRINT  reduce 70
	WHILE  reduce 70
	SHORT  reduce 70
	UINT  reduce 70
	FLOAT  reduce 70
	CLASS  reduce 70
	'}'  reduce 70
	','  reduce 70


state 71
	asignacion : IDENTIFICADOR '.' IDENTIFICADOR . '=' expresion_aritmetica  (71)
	invocacion : IDENTIFICADOR '.' IDENTIFICADOR . '(' expresion_aritmetica ')'  (74)
	invocacion : IDENTIFICADOR '.' IDENTIFICADOR . '(' ')'  (75)

	'('  shift 113
	'='  shift 114
	.  error


state 72
	lista_de_objetos : lista_de_objetos ';' . IDENTIFICADOR  (45)

	IDENTIFICADOR  shift 115
	.  error


state 73
	parametro : IDENTIFICADOR .  (54)

	.  reduce 54


state 74
	parametro : tipo . IDENTIFICADOR  (52)
	parametro : tipo .  (53)

	IDENTIFICADOR  shift 116
	')'  reduce 53


state 75
	declaracion_funcion : VOID '(' parametro . ')' '{' cuerpo_de_la_funcion '}'  (30)

	')'  shift 117
	.  error


state 76
	factor : IDENTIFICADOR OPERADOR_SUMA_SUMA .  (125)

	.  reduce 125


state 77
	factor : IDENTIFICADOR '.' . IDENTIFICADOR  (129)

	IDENTIFICADOR  shift 118
	.  error


state 78
	factor : TOF '(' . expresion_aritmetica ')'  (128)

	IDENTIFICADOR  shift 37
	ENTERO_SIN_SIGNO  shift 38
	ENTERO_CORTO  shift 39
	PUNTO_FLOTANTE  shift 40
	CADENA_CARACTERES  shift 41
	TOF  shift 42
	'-'  shift 44
	.  error

	expresion_aritmetica  goto 119
	termino  goto 46
	factor  goto 47
	constanteSinSigno  goto 50
	constanteConSigno  goto 51


state 79
	bloque_condicion : '(' ')' .  (91)

	.  reduce 91


state 80
	bloque_condicion : '(' condicion . ')'  (87)
	bloque_condicion : '(' condicion .  (88)

	')'  shift 120
	IDENTIFICADOR  reduce 88
	VOID  reduce 88
	RETURN  reduce 88
	IF  reduce 88
	PRINT  reduce 88
	WHILE  reduce 88
	DO  reduce 88
	SHORT  reduce 88
	UINT  reduce 88
	FLOAT  reduce 88
	CLASS  reduce 88
	'{'  reduce 88


state 81
	constanteConSigno : '-' ENTERO_CORTO .  (133)

	.  reduce 133


state 82
	constanteConSigno : '-' PUNTO_FLOTANTE .  (135)

	.  reduce 135


state 83
	condicion : expresion_aritmetica COMPARADOR_IGUAL_IGUAL . expresion_aritmetica  (104)

	IDENTIFICADOR  shift 37
	ENTERO_SIN_SIGNO  shift 38
	ENTERO_CORTO  shift 39
	PUNTO_FLOTANTE  shift 40
	CADENA_CARACTERES  shift 41
	TOF  shift 42
	'-'  shift 44
	.  error

	expresion_aritmetica  goto 121
	termino  goto 46
	factor  goto 47
	constanteSinSigno  goto 50
	constanteConSigno  goto 51


state 84
	condicion : expresion_aritmetica COMPARADOR_DISTINTO . expresion_aritmetica  (105)

	IDENTIFICADOR  shift 37
	ENTERO_SIN_SIGNO  shift 38
	ENTERO_CORTO  shift 39
	PUNTO_FLOTANTE  shift 40
	CADENA_CARACTERES  shift 41
	TOF  shift 42
	'-'  shift 44
	.  error

	expresion_aritmetica  goto 122
	termino  goto 46
	factor  goto 47
	constanteSinSigno  goto 50
	constanteConSigno  goto 51


state 85
	condicion : expresion_aritmetica COMPARADOR_MENOR_IGUAL . expresion_aritmetica  (107)

	IDENTIFICADOR  shift 37
	ENTERO_SIN_SIGNO  shift 38
	ENTERO_CORTO  shift 39
	PUNTO_FLOTANTE  shift 40
	CADENA_CARACTERES  shift 41
	TOF  shift 42
	'-'  shift 44
	.  error

	expresion_aritmetica  goto 123
	termino  goto 46
	factor  goto 47
	constanteSinSigno  goto 50
	constanteConSigno  goto 51


state 86
	condicion : expresion_aritmetica COMPARADOR_MAYOR_IGUAL . expresion_aritmetica  (106)

	IDENTIFICADOR  shift 37
	ENTERO_SIN_SIGNO  shift 38
	ENTERO_CORTO  shift 39
	PUNTO_FLOTANTE  shift 40
	CADENA_CARACTERES  shift 41
	TOF  shift 42
	'-'  shift 44
	.  error

	expresion_aritmetica  goto 124
	termino  goto 46
	factor  goto 47
	constanteSinSigno  goto 50
	constanteConSigno  goto 51


state 87
	expresion_aritmetica : expresion_aritmetica '+' . termino  (76)
	expresion_aritmetica : expresion_aritmetica '+' . '*' termino  (79)
	expresion_aritmetica : expresion_aritmetica '+' . '/' termino  (81)

	IDENTIFICADOR  shift 37
	ENTERO_SIN_SIGNO  shift 38
	ENTERO_CORTO  shift 39
	PUNTO_FLOTANTE  shift 40
	CADENA_CARACTERES  shift 41
	TOF  shift 42
	'-'  shift 44
	'*'  shift 125
	'/'  shift 126
	.  error

	termino  goto 127
	factor  goto 47
	constanteSinSigno  goto 50
	constanteConSigno  goto 51


state 88
	expresion_aritmetica : expresion_aritmetica '-' . termino  (77)
	expresion_aritmetica : expresion_aritmetica '-' . '*' termino  (78)
	expresion_aritmetica : expresion_aritmetica '-' . '/' termino  (80)

	IDENTIFICADOR  shift 37
	ENTERO_SIN_SIGNO  shift 38
	ENTERO_CORTO  shift 39
	PUNTO_FLOTANTE  shift 40
	CADENA_CARACTERES  shift 41
	TOF  shift 42
	'-'  shift 44
	'*'  shift 128
	'/'  shift 129
	.  error

	termino  goto 130
	factor  goto 47
	constanteSinSigno  goto 50
	constanteConSigno  goto 51


state 89
	condicion : expresion_aritmetica '>' . expresion_aritmetica  (102)

	IDENTIFICADOR  shift 37
	ENTERO_SIN_SIGNO  shift 38
	ENTERO_CORTO  shift 39
	PUNTO_FLOTANTE  shift 40
	CADENA_CARACTERES  shift 41
	TOF  shift 42
	'-'  shift 44
	.  error

	expresion_aritmetica  goto 131
	termino  goto 46
	factor  goto 47
	constanteSinSigno  goto 50
	constanteConSigno  goto 51


state 90
	condicion : expresion_aritmetica '<' . expresion_aritmetica  (103)

	IDENTIFICADOR  shift 37
	ENTERO_SIN_SIGNO  shift 38
	ENTERO_CORTO  shift 39
	PUNTO_FLOTANTE  shift 40
	CADENA_CARACTERES  shift 41
	TOF  shift 42
	'-'  shift 44
	.  error

	expresion_aritmetica  goto 132
	termino  goto 46
	factor  goto 47
	constanteSinSigno  goto 50
	constanteConSigno  goto 51


state 91
	termino : termino '*' . factor  (83)

	IDENTIFICADOR  shift 37
	ENTERO_SIN_SIGNO  shift 38
	ENTERO_CORTO  shift 39
	PUNTO_FLOTANTE  shift 40
	CADENA_CARACTERES  shift 41
	TOF  shift 42
	'-'  shift 44
	.  error

	factor  goto 133
	constanteSinSigno  goto 50
	constanteConSigno  goto 51


state 92
	termino : termino '/' . factor  (84)

	IDENTIFICADOR  shift 37
	ENTERO_SIN_SIGNO  shift 38
	ENTERO_CORTO  shift 39
	PUNTO_FLOTANTE  shift 40
	CADENA_CARACTERES  shift 41
	TOF  shift 42
	'-'  shift 44
	.  error

	factor  goto 134
	constanteSinSigno  goto 50
	constanteConSigno  goto 51


state 93
	bloque_ejecutables : RETURN . ','  (113)

	','  shift 135
	.  error


state 94
	bloque_ejecutables : '{' . sentencias_ejecutables '}'  (108)
	bloque_ejecutables : '{' . sentencias_ejecutables RETURN ',' '}'  (109)
	bloque_ejecutables : '{' . RETURN ',' '}'  (112)

	error  shift 136
	IDENTIFICADOR  shift 2
	VOID  shift 3
	RETURN  shift 137
	IF  shift 4
	PRINT  shift 5
	WHILE  shift 6
	SHORT  shift 7
	UINT  shift 8
	FLOAT  shift 9
	CLASS  shift 10
	','  shift 138
	.  error

	declarativa  goto 139
	ejecutable  goto 140
	tipo  goto 19
	declaracion_clase  goto 20
	declaracion_objeto  goto 21
	declaracion_funcion  goto 22
	funcion_name  goto 23
	asignacion  goto 24
	invocacion  goto 25
	seleccion  goto 26
	ciclo_while  goto 27
	inicio_while  goto 28
	sentencias_ejecutables  goto 141


state 95
	bloque_ejecutables : declarativa . ','  (111)

	','  shift 142
	.  error


state 96
	bloque_ejecutables : ejecutable . ','  (110)

	','  shift 143
	.  error


state 97
	seleccion : IF bloque_condicion cuerpo_if .  (86)

	.  reduce 86


state 98
	cuerpo_if : cuerpo_then . else_if cuerpo_else END_IF  (92)
	cuerpo_if : cuerpo_then . cuerpo_else END_IF  (93)
	cuerpo_if : cuerpo_then . END_IF  (94)

	IDENTIFICADOR  shift 2
	VOID  shift 3
	RETURN  shift 93
	IF  shift 4
	ELSE  shift 144
	END_IF  shift 145
	PRINT  shift 5
	WHILE  shift 6
	SHORT  shift 7
	UINT  shift 8
	FLOAT  shift 9
	CLASS  shift 10
	'{'  shift 94
	.  error

	declarativa  goto 95
	ejecutable  goto 96
	tipo  goto 19
	declaracion_clase  goto 20
	declaracion_objeto  goto 21
	declaracion_funcion  goto 22
	funcion_name  goto 23
	asignacion  goto 24
	invocacion  goto 25
	seleccion  goto 26
	ciclo_while  goto 27
	else_if  goto 146
	cuerpo_else  goto 147
	bloque_ejecutables  goto 148
	inicio_while  goto 28


state 99
	cuerpo_then : bloque_ejecutables .  (95)

	.  reduce 95


state 100
	bloque_condicion : condicion ')' .  (89)

	.  reduce 89


state 101
	declaracion_clase : CLASS IDENTIFICADOR '{' . lista_atributos_y_metodos '}'  (33)
	declaracion_clase : CLASS IDENTIFICADOR '{' . '}'  (35)

	VOID  shift 149
	SHORT  shift 7
	UINT  shift 8
	FLOAT  shift 9
	'}'  shift 150
	.  error

	tipo  goto 151
	lista_atributos_y_metodos  goto 152
	metodo  goto 153
	metodo_name  goto 154


state 102
	programa : '{' '}' error .  (4)

	.  reduce 4


state 103
	programa : '{' sentencias '}' .  (1)
	programa : '{' sentencias '}' . error  (3)

	error  shift 155
	$end  reduce 1


state 104
	programa : '{' comas '}' .  (9)

	.  reduce 9


state 105
	programa : '{' comas sentencias . '}'  (8)
	programa : '{' comas sentencias .  (13)
	sentencias : sentencias . sentencia  (16)

	error  shift 1
	IDENTIFICADOR  shift 2
	VOID  shift 3
	IF  shift 4
	PRINT  shift 5
	WHILE  shift 6
	SHORT  shift 7
	UINT  shift 8
	FLOAT  shift 9
	CLASS  shift 10
	'}'  shift 156
	$end  reduce 13

	sentencia  goto 59
	declarativa  goto 17
	ejecutable  goto 18
	tipo  goto 19
	declaracion_clase  goto 20
	declaracion_objeto  goto 21
	declaracion_funcion  goto 22
	funcion_name  goto 23
	asignacion  goto 24
	invocacion  goto 25
	seleccion  goto 26
	ciclo_while  goto 27
	inicio_while  goto 28


state 106
	programa : comas sentencias '}' .  (14)

	.  reduce 14


state 107
	lista_de_variables : lista_de_variables ';' . IDENTIFICADOR  (50)

	IDENTIFICADOR  shift 157
	.  error


state 108
	declaracion_funcion : funcion_name '(' parametro . ')' '{' cuerpo_de_la_funcion '}'  (29)
	declaracion_funcion : funcion_name '(' parametro . ')' '{' '}'  (31)

	')'  shift 158
	.  error


state 109
	ciclo_while : inicio_while bloque_condicion DO . cuerpo_while  (98)

	IDENTIFICADOR  shift 2
	VOID  shift 3
	RETURN  shift 93
	IF  shift 4
	PRINT  shift 5
	WHILE  shift 6
	SHORT  shift 7
	UINT  shift 8
	FLOAT  shift 9
	CLASS  shift 10
	'{'  shift 94
	.  error

	declarativa  goto 95
	ejecutable  goto 96
	tipo  goto 19
	declaracion_clase  goto 20
	declaracion_objeto  goto 21
	declaracion_funcion  goto 22
	funcion_name  goto 23
	asignacion  goto 24
	invocacion  goto 25
	seleccion  goto 26
	ciclo_while  goto 27
	bloque_ejecutables  goto 110
	inicio_while  goto 28
	cuerpo_while  goto 159


state 110
	cuerpo_while : bloque_ejecutables .  (101)

	.  reduce 101


state 111
	ciclo_while : inicio_while bloque_condicion cuerpo_while .  (99)

	.  reduce 99


state 112
	invocacion : IDENTIFICADOR '(' expresion_aritmetica ')' .  (72)

	.  reduce 72


state 113
	invocacion : IDENTIFICADOR '.' IDENTIFICADOR '(' . expresion_aritmetica ')'  (74)
	invocacion : IDENTIFICADOR '.' IDENTIFICADOR '(' . ')'  (75)

	IDENTIFICADOR  shift 37
	ENTERO_SIN_SIGNO  shift 38
	ENTERO_CORTO  shift 39
	PUNTO_FLOTANTE  shift 40
	CADENA_CARACTERES  shift 41
	TOF  shift 42
	')'  shift 160
	'-'  shift 44
	.  error

	expresion_aritmetica  goto 161
	termino  goto 46
	factor  goto 47
	constanteSinSigno  goto 50
	constanteConSigno  goto 51


state 114
	asignacion : IDENTIFICADOR '.' IDENTIFICADOR '=' . expresion_aritmetica  (71)

	IDENTIFICADOR  shift 37
	ENTERO_SIN_SIGNO  shift 38
	ENTERO_CORTO  shift 39
	PUNTO_FLOTANTE  shift 40
	CADENA_CARACTERES  shift 41
	TOF  shift 42
	'-'  shift 44
	.  error

	expresion_aritmetica  goto 162
	termino  goto 46
	factor  goto 47
	constanteSinSigno  goto 50
	constanteConSigno  goto 51


state 115
	lista_de_objetos : lista_de_objetos ';' IDENTIFICADOR .  (45)

	.  reduce 45


state 116
	parametro : tipo IDENTIFICADOR .  (52)

	.  reduce 52


state 117
	declaracion_funcion : VOID '(' parametro ')' . '{' cuerpo_de_la_funcion '}'  (30)

	'{'  shift 163
	.  error


state 118
	factor : IDENTIFICADOR '.' IDENTIFICADOR .  (129)

	.  reduce 129


state 119
	expresion_aritmetica : expresion_aritmetica . '+' termino  (76)
	expresion_aritmetica : expresion_aritmetica . '-' termino  (77)
	expresion_aritmetica : expresion_aritmetica . '-' '*' termino  (78)
	expresion_aritmetica : expresion_aritmetica . '+' '*' termino  (79)
	expresion_aritmetica : expresion_aritmetica . '-' '/' termino  (80)
	expresion_aritmetica : expresion_aritmetica . '+' '/' termino  (81)
	factor : TOF '(' expresion_aritmetica . ')'  (128)

	')'  shift 164
	'+'  shift 87
	'-'  shift 88
	.  error


state 120
	bloque_condicion : '(' condicion ')' .  (87)

	.  reduce 87


state 121
	expresion_aritmetica : expresion_aritmetica . '+' termino  (76)
	expresion_aritmetica : expresion_aritmetica . '-' termino  (77)
	expresion_aritmetica : expresion_aritmetica . '-' '*' termino  (78)
	expresion_aritmetica : expresion_aritmetica . '+' '*' termino  (79)
	expresion_aritmetica : expresion_aritmetica . '-' '/' termino  (80)
	expresion_aritmetica : expresion_aritmetica . '+' '/' termino  (81)
	condicion : expresion_aritmetica COMPARADOR_IGUAL_IGUAL expresion_aritmetica .  (104)

	'+'  shift 87
	'-'  shift 88
	IDENTIFICADOR  reduce 104
	VOID  reduce 104
	RETURN  reduce 104
	IF  reduce 104
	PRINT  reduce 104
	WHILE  reduce 104
	DO  reduce 104
	SHORT  reduce 104
	UINT  reduce 104
	FLOAT  reduce 104
	CLASS  reduce 104
	'{'  reduce 104
	')'  reduce 104


state 122
	expresion_aritmetica : expresion_aritmetica . '+' termino  (76)
	expresion_aritmetica : expresion_aritmetica . '-' termino  (77)
	expresion_aritmetica : expresion_aritmetica . '-' '*' termino  (78)
	expresion_aritmetica : expresion_aritmetica . '+' '*' termino  (79)
	expresion_aritmetica : expresion_aritmetica . '-' '/' termino  (80)
	expresion_aritmetica : expresion_aritmetica . '+' '/' termino  (81)
	condicion : expresion_aritmetica COMPARADOR_DISTINTO expresion_aritmetica .  (105)

	'+'  shift 87
	'-'  shift 88
	IDENTIFICADOR  reduce 105
	VOID  reduce 105
	RETURN  reduce 105
	IF  reduce 105
	PRINT  reduce 105
	WHILE  reduce 105
	DO  reduce 105
	SHORT  reduce 105
	UINT  reduce 105
	FLOAT  reduce 105
	CLASS  reduce 105
	'{'  reduce 105
	')'  reduce 105


state 123
	expresion_aritmetica : expresion_aritmetica . '+' termino  (76)
	expresion_aritmetica : expresion_aritmetica . '-' termino  (77)
	expresion_aritmetica : expresion_aritmetica . '-' '*' termino  (78)
	expresion_aritmetica : expresion_aritmetica . '+' '*' termino  (79)
	expresion_aritmetica : expresion_aritmetica . '-' '/' termino  (80)
	expresion_aritmetica : expresion_aritmetica . '+' '/' termino  (81)
	condicion : expresion_aritmetica COMPARADOR_MENOR_IGUAL expresion_aritmetica .  (107)

	'+'  shift 87
	'-'  shift 88
	IDENTIFICADOR  reduce 107
	VOID  reduce 107
	RETURN  reduce 107
	IF  reduce 107
	PRINT  reduce 107
	WHILE  reduce 107
	DO  reduce 107
	SHORT  reduce 107
	UINT  reduce 107
	FLOAT  reduce 107
	CLASS  reduce 107
	'{'  reduce 107
	')'  reduce 107


state 124
	expresion_aritmetica : expresion_aritmetica . '+' termino  (76)
	expresion_aritmetica : expresion_aritmetica . '-' termino  (77)
	expresion_aritmetica : expresion_aritmetica . '-' '*' termino  (78)
	expresion_aritmetica : expresion_aritmetica . '+' '*' termino  (79)
	expresion_aritmetica : expresion_aritmetica . '-' '/' termino  (80)
	expresion_aritmetica : expresion_aritmetica . '+' '/' termino  (81)
	condicion : expresion_aritmetica COMPARADOR_MAYOR_IGUAL expresion_aritmetica .  (106)

	'+'  shift 87
	'-'  shift 88
	IDENTIFICADOR  reduce 106
	VOID  reduce 106
	RETURN  reduce 106
	IF  reduce 106
	PRINT  reduce 106
	WHILE  reduce 106
	DO  reduce 106
	SHORT  reduce 106
	UINT  reduce 106
	FLOAT  reduce 106
	CLASS  reduce 106
	'{'  reduce 106
	')'  reduce 106


state 125
	expresion_aritmetica : expresion_aritmetica '+' '*' . termino  (79)

	IDENTIFICADOR  shift 37
	ENTERO_SIN_SIGNO  shift 38
	ENTERO_CORTO  shift 39
	PUNTO_FLOTANTE  shift 40
	CADENA_CARACTERES  shift 41
	TOF  shift 42
	'-'  shift 44
	.  error

	termino  goto 165
	factor  goto 47
	constanteSinSigno  goto 50
	constanteConSigno  goto 51


state 126
	expresion_aritmetica : expresion_aritmetica '+' '/' . termino  (81)

	IDENTIFICADOR  shift 37
	ENTERO_SIN_SIGNO  shift 38
	ENTERO_CORTO  shift 39
	PUNTO_FLOTANTE  shift 40
	CADENA_CARACTERES  shift 41
	TOF  shift 42
	'-'  shift 44
	.  error

	termino  goto 166
	factor  goto 47
	constanteSinSigno  goto 50
	constanteConSigno  goto 51


state 127
	expresion_aritmetica : expresion_aritmetica '+' termino .  (76)
	termino : termino . '*' factor  (83)
	termino : termino . '/' factor  (84)

	'*'  shift 91
	'/'  shift 92
	$end  reduce 76
	error  reduce 76
	IDENTIFICADOR  reduce 76
	COMPARADOR_IGUAL_IGUAL  reduce 76
	COMPARADOR_DISTINTO  reduce 76
	COMPARADOR_MENOR_IGUAL  reduce 76
	COMPARADOR_MAYOR_IGUAL  reduce 76
	VOID  reduce 76
	RETURN  reduce 76
	IF  reduce 76
	PRINT  reduce 76
	WHILE  reduce 76
	DO  reduce 76
	SHORT  reduce 76
	UINT  reduce 76
	FLOAT  reduce 76
	CLASS  reduce 76
	'{'  reduce 76
	'}'  reduce 76
	','  reduce 76
	')'  reduce 76
	'+'  reduce 76
	'-'  reduce 76
	'>'  reduce 76
	'<'  reduce 76


state 128
	expresion_aritmetica : expresion_aritmetica '-' '*' . termino  (78)

	IDENTIFICADOR  shift 37
	ENTERO_SIN_SIGNO  shift 38
	ENTERO_CORTO  shift 39
	PUNTO_FLOTANTE  shift 40
	CADENA_CARACTERES  shift 41
	TOF  shift 42
	'-'  shift 44
	.  error

	termino  goto 167
	factor  goto 47
	constanteSinSigno  goto 50
	constanteConSigno  goto 51


state 129
	expresion_aritmetica : expresion_aritmetica '-' '/' . termino  (80)

	IDENTIFICADOR  shift 37
	ENTERO_SIN_SIGNO  shift 38
	ENTERO_CORTO  shift 39
	PUNTO_FLOTANTE  shift 40
	CADENA_CARACTERES  shift 41
	TOF  shift 42
	'-'  shift 44
	.  error

	termino  goto 168
	factor  goto 47
	constanteSinSigno  goto 50
	constanteConSigno  goto 51


state 130
	expresion_aritmetica : expresion_aritmetica '-' termino .  (77)
	termino : termino . '*' factor  (83)
	termino : termino . '/' factor  (84)

	'*'  shift 91
	'/'  shift 92
	$end  reduce 77
	error  reduce 77
	IDENTIFICADOR  reduce 77
	COMPARADOR_IGUAL_IGUAL  reduce 77
	COMPARADOR_DISTINTO  reduce 77
	COMPARADOR_MENOR_IGUAL  reduce 77
	COMPARADOR_MAYOR_IGUAL  reduce 77
	VOID  reduce 77
	RETURN  reduce 77
	IF  reduce 77
	PRINT  reduce 77
	WHILE  reduce 77
	DO  reduce 77
	SHORT  reduce 77
	UINT  reduce 77
	FLOAT  reduce 77
	CLASS  reduce 77
	'{'  reduce 77
	'}'  reduce 77
	','  reduce 77
	')'  reduce 77
	'+'  reduce 77
	'-'  reduce 77
	'>'  reduce 77
	'<'  reduce 77


state 131
	expresion_aritmetica : expresion_aritmetica . '+' termino  (76)
	expresion_aritmetica : expresion_aritmetica . '-' termino  (77)
	expresion_aritmetica : expresion_aritmetica . '-' '*' termino  (78)
	expresion_aritmetica : expresion_aritmetica . '+' '*' termino  (79)
	expresion_aritmetica : expresion_aritmetica . '-' '/' termino  (80)
	expresion_aritmetica : expresion_aritmetica . '+' '/' termino  (81)
	condicion : expresion_aritmetica '>' expresion_aritmetica .  (102)

	'+'  shift 87
	'-'  shift 88
	IDENTIFICADOR  reduce 102
	VOID  reduce 102
	RETURN  reduce 102
	IF  reduce 102
	PRINT  reduce 102
	WHILE  reduce 102
	DO  reduce 102
	SHORT  reduce 102
	UINT  reduce 102
	FLOAT  reduce 102
	CLASS  reduce 102
	'{'  reduce 102
	')'  reduce 102


state 132
	expresion_aritmetica : expresion_aritmetica . '+' termino  (76)
	expresion_aritmetica : expresion_aritmetica . '-' termino  (77)
	expresion_aritmetica : expresion_aritmetica . '-' '*' termino  (78)
	expresion_aritmetica : expresion_aritmetica . '+' '*' termino  (79)
	expresion_aritmetica : expresion_aritmetica . '-' '/' termino  (80)
	expresion_aritmetica : expresion_aritmetica . '+' '/' termino  (81)
	condicion : expresion_aritmetica '<' expresion_aritmetica .  (103)

	'+'  shift 87
	'-'  shift 88
	IDENTIFICADOR  reduce 103
	VOID  reduce 103
	RETURN  reduce 103
	IF  reduce 103
	PRINT  reduce 103
	WHILE  reduce 103
	DO  reduce 103
	SHORT  reduce 103
	UINT  reduce 103
	FLOAT  reduce 103
	CLASS  reduce 103
	'{'  reduce 103
	')'  reduce 103


state 133
	termino : termino '*' factor .  (83)

	.  reduce 83


state 134
	termino : termino '/' factor .  (84)

	.  reduce 84


state 135
	bloque_ejecutables : RETURN ',' .  (113)

	.  reduce 113


state 136
	sentencias_ejecutables : error . ','  (123)

	','  shift 169
	.  error


state 137
	bloque_ejecutables : '{' RETURN . ',' '}'  (112)

	','  shift 170
	.  error


state 138
	sentencias_ejecutables : ',' .  (122)

	.  reduce 122


state 139
	sentencias_ejecutables : declarativa . ','  (120)
	sentencias_ejecutables : declarativa .  (121)

	','  shift 171
	IDENTIFICADOR  reduce 121
	VOID  reduce 121
	RETURN  reduce 121
	IF  reduce 121
	PRINT  reduce 121
	WHILE  reduce 121
	SHORT  reduce 121
	UINT  reduce 121
	FLOAT  reduce 121
	CLASS  reduce 121
	'}'  reduce 121


state 140
	sentencias_ejecutables : ejecutable . ','  (116)
	sentencias_ejecutables : ejecutable .  (117)

	','  shift 172
	IDENTIFICADOR  reduce 117
	VOID  reduce 117
	RETURN  reduce 117
	IF  reduce 117
	PRINT  reduce 117
	WHILE  reduce 117
	SHORT  reduce 117
	UINT  reduce 117
	FLOAT  reduce 117
	CLASS  reduce 117
	'}'  reduce 117


state 141
	bloque_ejecutables : '{' sentencias_ejecutables . '}'  (108)
	bloque_ejecutables : '{' sentencias_ejecutables . RETURN ',' '}'  (109)
	sentencias_ejecutables : sentencias_ejecutables . ejecutable ','  (114)
	sentencias_ejecutables : sentencias_ejecutables . ejecutable  (115)
	sentencias_ejecutables : sentencias_ejecutables . declarativa ','  (118)
	sentencias_ejecutables : sentencias_ejecutables . declarativa  (119)

	IDENTIFICADOR  shift 2
	VOID  shift 3
	RETURN  shift 173
	IF  shift 4
	PRINT  shift 5
	WHILE  shift 6
	SHORT  shift 7
	UINT  shift 8
	FLOAT  shift 9
	CLASS  shift 10
	'}'  shift 174
	.  error

	declarativa  goto 175
	ejecutable  goto 176
	tipo  goto 19
	declaracion_clase  goto 20
	declaracion_objeto  goto 21
	declaracion_funcion  goto 22
	funcion_name  goto 23
	asignacion  goto 24
	invocacion  goto 25
	seleccion  goto 26
	ciclo_while  goto 27
	inicio_while  goto 28


state 142
	bloque_ejecutables : declarativa ',' .  (111)

	.  reduce 111


state 143
	bloque_ejecutables : ejecutable ',' .  (110)

	.  reduce 110


state 144
	else_if : ELSE .  (97)

	.  reduce 97


state 145
	cuerpo_if : cuerpo_then END_IF .  (94)

	.  reduce 94


state 146
	cuerpo_if : cuerpo_then else_if . cuerpo_else END_IF  (92)

	IDENTIFICADOR  shift 2
	VOID  shift 3
	RETURN  shift 93
	IF  shift 4
	PRINT  shift 5
	WHILE  shift 6
	SHORT  shift 7
	UINT  shift 8
	FLOAT  shift 9
	CLASS  shift 10
	'{'  shift 94
	.  error

	declarativa  goto 95
	ejecutable  goto 96
	tipo  goto 19
	declaracion_clase  goto 20
	declaracion_objeto  goto 21
	declaracion_funcion  goto 22
	funcion_name  goto 23
	asignacion  goto 24
	invocacion  goto 25
	seleccion  goto 26
	ciclo_while  goto 27
	cuerpo_else  goto 177
	bloque_ejecutables  goto 148
	inicio_while  goto 28


state 147
	cuerpo_if : cuerpo_then cuerpo_else . END_IF  (93)

	END_IF  shift 178
	.  error


state 148
	cuerpo_else : bloque_ejecutables .  (96)

	.  reduce 96


state 149
	metodo_name : VOID . IDENTIFICADOR  (42)
	metodo_name : VOID .  (43)

	IDENTIFICADOR  shift 179
	'('  reduce 43


state 150
	declaracion_clase : CLASS IDENTIFICADOR '{' '}' .  (35)

	.  reduce 35


state 151
	lista_atributos_y_metodos : tipo . lista_de_variables ','  (38)

	IDENTIFICADOR  shift 64
	.  error

	lista_de_variables  goto 180


state 152
	declaracion_clase : CLASS IDENTIFICADOR '{' lista_atributos_y_metodos . '}'  (33)
	lista_atributos_y_metodos : lista_atributos_y_metodos . tipo lista_de_variables ','  (36)
	lista_atributos_y_metodos : lista_atributos_y_metodos . metodo ','  (37)

	VOID  shift 149
	SHORT  shift 7
	UINT  shift 8
	FLOAT  shift 9
	'}'  shift 181
	.  error

	tipo  goto 182
	metodo  goto 183
	metodo_name  goto 154


state 153
	lista_atributos_y_metodos : metodo . ','  (39)

	','  shift 184
	.  error


state 154
	metodo : metodo_name . '(' parametro ')' '{' cuerpo_de_la_funcion '}'  (40)
	metodo : metodo_name . '(' parametro ')' '{' '}'  (41)

	'('  shift 185
	.  error


state 155
	programa : '{' sentencias '}' error .  (3)

	.  reduce 3


state 156
	programa : '{' comas sentencias '}' .  (8)

	.  reduce 8


state 157
	lista_de_variables : lista_de_variables ';' IDENTIFICADOR .  (50)

	.  reduce 50


state 158
	declaracion_funcion : funcion_name '(' parametro ')' . '{' cuerpo_de_la_funcion '}'  (29)
	declaracion_funcion : funcion_name '(' parametro ')' . '{' '}'  (31)

	'{'  shift 186
	.  error


state 159
	ciclo_while : inicio_while bloque_condicion DO cuerpo_while .  (98)

	.  reduce 98


state 160
	invocacion : IDENTIFICADOR '.' IDENTIFICADOR '(' ')' .  (75)

	.  reduce 75


state 161
	invocacion : IDENTIFICADOR '.' IDENTIFICADOR '(' expresion_aritmetica . ')'  (74)
	expresion_aritmetica : expresion_aritmetica . '+' termino  (76)
	expresion_aritmetica : expresion_aritmetica . '-' termino  (77)
	expresion_aritmetica : expresion_aritmetica . '-' '*' termino  (78)
	expresion_aritmetica : expresion_aritmetica . '+' '*' termino  (79)
	expresion_aritmetica : expresion_aritmetica . '-' '/' termino  (80)
	expresion_aritmetica : expresion_aritmetica . '+' '/' termino  (81)

	')'  shift 187
	'+'  shift 87
	'-'  shift 88
	.  error


state 162
	asignacion : IDENTIFICADOR '.' IDENTIFICADOR '=' expresion_aritmetica .  (71)
	expresion_aritmetica : expresion_aritmetica . '+' termino  (76)
	expresion_aritmetica : expresion_aritmetica . '-' termino  (77)
	expresion_aritmetica : expresion_aritmetica . '-' '*' termino  (78)
	expresion_aritmetica : expresion_aritmetica . '+' '*' termino  (79)
	expresion_aritmetica : expresion_aritmetica . '-' '/' termino  (80)
	expresion_aritmetica : expresion_aritmetica . '+' '/' termino  (81)

	'+'  shift 87
	'-'  shift 88
	$end  reduce 71
	error  reduce 71
	IDENTIFICADOR  reduce 71
	VOID  reduce 71
	RETURN  reduce 71
	IF  reduce 71
	PRINT  reduce 71
	WHILE  reduce 71
	SHORT  reduce 71
	UINT  reduce 71
	FLOAT  reduce 71
	CLASS  reduce 71
	'}'  reduce 71
	','  reduce 71


state 163
	declaracion_funcion : VOID '(' parametro ')' '{' . cuerpo_de_la_funcion '}'  (30)

	error  shift 1
	IDENTIFICADOR  shift 2
	VOID  shift 3
	RETURN  shift 188
	IF  shift 4
	PRINT  shift 5
	WHILE  shift 6
	SHORT  shift 7
	UINT  shift 8
	FLOAT  shift 9
	CLASS  shift 10
	.  error

	sentencia  goto 189
	declarativa  goto 17
	ejecutable  goto 18
	tipo  goto 19
	declaracion_clase  goto 20
	declaracion_objeto  goto 21
	declaracion_funcion  goto 22
	funcion_name  goto 23
	cuerpo_de_la_funcion  goto 190
	cuerpo_de_la_funcion_sin_return  goto 191
	cuerpo_de_la_funcion_con_return  goto 192
	asignacion  goto 24
	invocacion  goto 25
	seleccion  goto 26
	ciclo_while  goto 27
	inicio_while  goto 28


state 164
	factor : TOF '(' expresion_aritmetica ')' .  (128)

	.  reduce 128


state 165
	expresion_aritmetica : expresion_aritmetica '+' '*' termino .  (79)
	termino : termino . '*' factor  (83)
	termino : termino . '/' factor  (84)

	'*'  shift 91
	'/'  shift 92
	$end  reduce 79
	error  reduce 79
	IDENTIFICADOR  reduce 79
	COMPARADOR_IGUAL_IGUAL  reduce 79
	COMPARADOR_DISTINTO  reduce 79
	COMPARADOR_MENOR_IGUAL  reduce 79
	COMPARADOR_MAYOR_IGUAL  reduce 79
	VOID  reduce 79
	RETURN  reduce 79
	IF  reduce 79
	PRINT  reduce 79
	WHILE  reduce 79
	DO  reduce 79
	SHORT  reduce 79
	UINT  reduce 79
	FLOAT  reduce 79
	CLASS  reduce 79
	'{'  reduce 79
	'}'  reduce 79
	','  reduce 79
	')'  reduce 79
	'+'  reduce 79
	'-'  reduce 79
	'>'  reduce 79
	'<'  reduce 79


state 166
	expresion_aritmetica : expresion_aritmetica '+' '/' termino .  (81)
	termino : termino . '*' factor  (83)
	termino : termino . '/' factor  (84)

	'*'  shift 91
	'/'  shift 92
	$end  reduce 81
	error  reduce 81
	IDENTIFICADOR  reduce 81
	COMPARADOR_IGUAL_IGUAL  reduce 81
	COMPARADOR_DISTINTO  reduce 81
	COMPARADOR_MENOR_IGUAL  reduce 81
	COMPARADOR_MAYOR_IGUAL  reduce 81
	VOID  reduce 81
	RETURN  reduce 81
	IF  reduce 81
	PRINT  reduce 81
	WHILE  reduce 81
	DO  reduce 81
	SHORT  reduce 81
	UINT  reduce 81
	FLOAT  reduce 81
	CLASS  reduce 81
	'{'  reduce 81
	'}'  reduce 81
	','  reduce 81
	')'  reduce 81
	'+'  reduce 81
	'-'  reduce 81
	'>'  reduce 81
	'<'  reduce 81


state 167
	expresion_aritmetica : expresion_aritmetica '-' '*' termino .  (78)
	termino : termino . '*' factor  (83)
	termino : termino . '/' factor  (84)

	'*'  shift 91
	'/'  shift 92
	$end  reduce 78
	error  reduce 78
	IDENTIFICADOR  reduce 78
	COMPARADOR_IGUAL_IGUAL  reduce 78
	COMPARADOR_DISTINTO  reduce 78
	COMPARADOR_MENOR_IGUAL  reduce 78
	COMPARADOR_MAYOR_IGUAL  reduce 78
	VOID  reduce 78
	RETURN  reduce 78
	IF  reduce 78
	PRINT  reduce 78
	WHILE  reduce 78
	DO  reduce 78
	SHORT  reduce 78
	UINT  reduce 78
	FLOAT  reduce 78
	CLASS  reduce 78
	'{'  reduce 78
	'}'  reduce 78
	','  reduce 78
	')'  reduce 78
	'+'  reduce 78
	'-'  reduce 78
	'>'  reduce 78
	'<'  reduce 78


state 168
	expresion_aritmetica : expresion_aritmetica '-' '/' termino .  (80)
	termino : termino . '*' factor  (83)
	termino : termino . '/' factor  (84)

	'*'  shift 91
	'/'  shift 92
	$end  reduce 80
	error  reduce 80
	IDENTIFICADOR  reduce 80
	COMPARADOR_IGUAL_IGUAL  reduce 80
	COMPARADOR_DISTINTO  reduce 80
	COMPARADOR_MENOR_IGUAL  reduce 80
	COMPARADOR_MAYOR_IGUAL  reduce 80
	VOID  reduce 80
	RETURN  reduce 80
	IF  reduce 80
	PRINT  reduce 80
	WHILE  reduce 80
	DO  reduce 80
	SHORT  reduce 80
	UINT  reduce 80
	FLOAT  reduce 80
	CLASS  reduce 80
	'{'  reduce 80
	'}'  reduce 80
	','  reduce 80
	')'  reduce 80
	'+'  reduce 80
	'-'  reduce 80
	'>'  reduce 80
	'<'  reduce 80


state 169
	sentencias_ejecutables : error ',' .  (123)

	.  reduce 123


state 170
	bloque_ejecutables : '{' RETURN ',' . '}'  (112)

	'}'  shift 193
	.  error


state 171
	sentencias_ejecutables : declarativa ',' .  (120)

	.  reduce 120


state 172
	sentencias_ejecutables : ejecutable ',' .  (116)

	.  reduce 116


state 173
	bloque_ejecutables : '{' sentencias_ejecutables RETURN . ',' '}'  (109)

	','  shift 194
	.  error


state 174
	bloque_ejecutables : '{' sentencias_ejecutables '}' .  (108)

	.  reduce 108


state 175
	sentencias_ejecutables : sentencias_ejecutables declarativa . ','  (118)
	sentencias_ejecutables : sentencias_ejecutables declarativa .  (119)

	','  shift 195
	IDENTIFICADOR  reduce 119
	VOID  reduce 119
	RETURN  reduce 119
	IF  reduce 119
	PRINT  reduce 119
	WHILE  reduce 119
	SHORT  reduce 119
	UINT  reduce 119
	FLOAT  reduce 119
	CLASS  reduce 119
	'}'  reduce 119


state 176
	sentencias_ejecutables : sentencias_ejecutables ejecutable . ','  (114)
	sentencias_ejecutables : sentencias_ejecutables ejecutable .  (115)

	','  shift 196
	IDENTIFICADOR  reduce 115
	VOID  reduce 115
	RETURN  reduce 115
	IF  reduce 115
	PRINT  reduce 115
	WHILE  reduce 115
	SHORT  reduce 115
	UINT  reduce 115
	FLOAT  reduce 115
	CLASS  reduce 115
	'}'  reduce 115


state 177
	cuerpo_if : cuerpo_then else_if cuerpo_else . END_IF  (92)

	END_IF  shift 197
	.  error


state 178
	cuerpo_if : cuerpo_then cuerpo_else END_IF .  (93)

	.  reduce 93


state 179
	metodo_name : VOID IDENTIFICADOR .  (42)

	.  reduce 42


state 180
	lista_atributos_y_metodos : tipo lista_de_variables . ','  (38)
	lista_de_variables : lista_de_variables . ';' IDENTIFICADOR  (50)

	','  shift 198
	';'  shift 107
	.  error


state 181
	declaracion_clase : CLASS IDENTIFICADOR '{' lista_atributos_y_metodos '}' .  (33)

	.  reduce 33


state 182
	lista_atributos_y_metodos : lista_atributos_y_metodos tipo . lista_de_variables ','  (36)

	IDENTIFICADOR  shift 64
	.  error

	lista_de_variables  goto 199


state 183
	lista_atributos_y_metodos : lista_atributos_y_metodos metodo . ','  (37)

	','  shift 200
	.  error


state 184
	lista_atributos_y_metodos : metodo ',' .  (39)

	.  reduce 39


state 185
	metodo : metodo_name '(' . parametro ')' '{' cuerpo_de_la_funcion '}'  (40)
	metodo : metodo_name '(' . parametro ')' '{' '}'  (41)
	parametro : .  (55)

	IDENTIFICADOR  shift 73
	SHORT  shift 7
	UINT  shift 8
	FLOAT  shift 9
	')'  reduce 55

	tipo  goto 74
	parametro  goto 201


state 186
	declaracion_funcion : funcion_name '(' parametro ')' '{' . cuerpo_de_la_funcion '}'  (29)
	declaracion_funcion : funcion_name '(' parametro ')' '{' . '}'  (31)

	error  shift 1
	IDENTIFICADOR  shift 2
	VOID  shift 3
	RETURN  shift 188
	IF  shift 4
	PRINT  shift 5
	WHILE  shift 6
	SHORT  shift 7
	UINT  shift 8
	FLOAT  shift 9
	CLASS  shift 10
	'}'  shift 202
	.  error

	sentencia  goto 189
	declarativa  goto 17
	ejecutable  goto 18
	tipo  goto 19
	declaracion_clase  goto 20
	declaracion_objeto  goto 21
	declaracion_funcion  goto 22
	funcion_name  goto 23
	cuerpo_de_la_funcion  goto 203
	cuerpo_de_la_funcion_sin_return  goto 191
	cuerpo_de_la_funcion_con_return  goto 192
	asignacion  goto 24
	invocacion  goto 25
	seleccion  goto 26
	ciclo_while  goto 27
	inicio_while  goto 28


state 187
	invocacion : IDENTIFICADOR '.' IDENTIFICADOR '(' expresion_aritmetica ')' .  (74)

	.  reduce 74


state 188
	cuerpo_de_la_funcion_con_return : RETURN . ','  (59)
	cuerpo_de_la_funcion_con_return : RETURN . ',' cuerpo_de_la_funcion_sin_return  (60)
	cuerpo_de_la_funcion_con_return : RETURN . ',' cuerpo_de_la_funcion_con_return  (61)

	','  shift 204
	.  error


state 189
	cuerpo_de_la_funcion_sin_return : sentencia .  (63)

	.  reduce 63


state 190
	declaracion_funcion : VOID '(' parametro ')' '{' cuerpo_de_la_funcion . '}'  (30)

	'}'  shift 205
	.  error


state 191
	cuerpo_de_la_funcion : cuerpo_de_la_funcion_sin_return .  (56)
	cuerpo_de_la_funcion_con_return : cuerpo_de_la_funcion_sin_return . RETURN ','  (58)
	cuerpo_de_la_funcion_sin_return : cuerpo_de_la_funcion_sin_return . sentencia  (62)

	error  shift 1
	IDENTIFICADOR  shift 2
	VOID  shift 3
	RETURN  shift 206
	IF  shift 4
	PRINT  shift 5
	WHILE  shift 6
	SHORT  shift 7
	UINT  shift 8
	FLOAT  shift 9
	CLASS  shift 10
	'}'  reduce 56

	sentencia  goto 207
	declarativa  goto 17
	ejecutable  goto 18
	tipo  goto 19
	declaracion_clase  goto 20
	declaracion_objeto  goto 21
	declaracion_funcion  goto 22
	funcion_name  goto 23
	asignacion  goto 24
	invocacion  goto 25
	seleccion  goto 26
	ciclo_while  goto 27
	inicio_while  goto 28


state 192
	cuerpo_de_la_funcion : cuerpo_de_la_funcion_con_return .  (57)

	.  reduce 57


state 193
	bloque_ejecutables : '{' RETURN ',' '}' .  (112)

	.  reduce 112


state 194
	bloque_ejecutables : '{' sentencias_ejecutables RETURN ',' . '}'  (109)

	'}'  shift 208
	.  error


state 195
	sentencias_ejecutables : sentencias_ejecutables declarativa ',' .  (118)

	.  reduce 118


state 196
	sentencias_ejecutables : sentencias_ejecutables ejecutable ',' .  (114)

	.  reduce 114


state 197
	cuerpo_if : cuerpo_then else_if cuerpo_else END_IF .  (92)

	.  reduce 92


state 198
	lista_atributos_y_metodos : tipo lista_de_variables ',' .  (38)

	.  reduce 38


state 199
	lista_atributos_y_metodos : lista_atributos_y_metodos tipo lista_de_variables . ','  (36)
	lista_de_variables : lista_de_variables . ';' IDENTIFICADOR  (50)

	','  shift 209
	';'  shift 107
	.  error


state 200
	lista_atributos_y_metodos : lista_atributos_y_metodos metodo ',' .  (37)

	.  reduce 37


state 201
	metodo : metodo_name '(' parametro . ')' '{' cuerpo_de_la_funcion '}'  (40)
	metodo : metodo_name '(' parametro . ')' '{' '}'  (41)

	')'  shift 210
	.  error


state 202
	declaracion_funcion : funcion_name '(' parametro ')' '{' '}' .  (31)

	.  reduce 31


state 203
	declaracion_funcion : funcion_name '(' parametro ')' '{' cuerpo_de_la_funcion . '}'  (29)

	'}'  shift 211
	.  error


state 204
	cuerpo_de_la_funcion_con_return : RETURN ',' .  (59)
	cuerpo_de_la_funcion_con_return : RETURN ',' . cuerpo_de_la_funcion_sin_return  (60)
	cuerpo_de_la_funcion_con_return : RETURN ',' . cuerpo_de_la_funcion_con_return  (61)

	error  shift 1
	IDENTIFICADOR  shift 2
	VOID  shift 3
	RETURN  shift 188
	IF  shift 4
	PRINT  shift 5
	WHILE  shift 6
	SHORT  shift 7
	UINT  shift 8
	FLOAT  shift 9
	CLASS  shift 10
	'}'  reduce 59

	sentencia  goto 189
	declarativa  goto 17
	ejecutable  goto 18
	tipo  goto 19
	declaracion_clase  goto 20
	declaracion_objeto  goto 21
	declaracion_funcion  goto 22
	funcion_name  goto 23
	cuerpo_de_la_funcion_sin_return  goto 212
	cuerpo_de_la_funcion_con_return  goto 213
	asignacion  goto 24
	invocacion  goto 25
	seleccion  goto 26
	ciclo_while  goto 27
	inicio_while  goto 28


state 205
	declaracion_funcion : VOID '(' parametro ')' '{' cuerpo_de_la_funcion '}' .  (30)

	.  reduce 30


state 206
	cuerpo_de_la_funcion_con_return : cuerpo_de_la_funcion_sin_return RETURN . ','  (58)

	','  shift 214
	.  error


state 207
	cuerpo_de_la_funcion_sin_return : cuerpo_de_la_funcion_sin_return sentencia .  (62)

	.  reduce 62


state 208
	bloque_ejecutables : '{' sentencias_ejecutables RETURN ',' '}' .  (109)

	.  reduce 109


state 209
	lista_atributos_y_metodos : lista_atributos_y_metodos tipo lista_de_variables ',' .  (36)

	.  reduce 36


state 210
	metodo : metodo_name '(' parametro ')' . '{' cuerpo_de_la_funcion '}'  (40)
	metodo : metodo_name '(' parametro ')' . '{' '}'  (41)

	'{'  shift 215
	.  error


state 211
	declaracion_funcion : funcion_name '(' parametro ')' '{' cuerpo_de_la_funcion '}' .  (29)

	.  reduce 29


state 212
	cuerpo_de_la_funcion_con_return : cuerpo_de_la_funcion_sin_return . RETURN ','  (58)
	cuerpo_de_la_funcion_con_return : RETURN ',' cuerpo_de_la_funcion_sin_return .  (60)
	cuerpo_de_la_funcion_sin_return : cuerpo_de_la_funcion_sin_return . sentencia  (62)

	error  shift 1
	IDENTIFICADOR  shift 2
	VOID  shift 3
	RETURN  shift 206
	IF  shift 4
	PRINT  shift 5
	WHILE  shift 6
	SHORT  shift 7
	UINT  shift 8
	FLOAT  shift 9
	CLASS  shift 10
	'}'  reduce 60

	sentencia  goto 207
	declarativa  goto 17
	ejecutable  goto 18
	tipo  goto 19
	declaracion_clase  goto 20
	declaracion_objeto  goto 21
	declaracion_funcion  goto 22
	funcion_name  goto 23
	asignacion  goto 24
	invocacion  goto 25
	seleccion  goto 26
	ciclo_while  goto 27
	inicio_while  goto 28


state 213
	cuerpo_de_la_funcion_con_return : RETURN ',' cuerpo_de_la_funcion_con_return .  (61)

	.  reduce 61


state 214
	cuerpo_de_la_funcion_con_return : cuerpo_de_la_funcion_sin_return RETURN ',' .  (58)

	.  reduce 58


state 215
	metodo : metodo_name '(' parametro ')' '{' . cuerpo_de_la_funcion '}'  (40)
	metodo : metodo_name '(' parametro ')' '{' . '}'  (41)

	error  shift 1
	IDENTIFICADOR  shift 2
	VOID  shift 3
	RETURN  shift 188
	IF  shift 4
	PRINT  shift 5
	WHILE  shift 6
	SHORT  shift 7
	UINT  shift 8
	FLOAT  shift 9
	CLASS  shift 10
	'}'  shift 216
	.  error

	sentencia  goto 189
	declarativa  goto 17
	ejecutable  goto 18
	tipo  goto 19
	declaracion_clase  goto 20
	declaracion_objeto  goto 21
	declaracion_funcion  goto 22
	funcion_name  goto 23
	cuerpo_de_la_funcion  goto 217
	cuerpo_de_la_funcion_sin_return  goto 191
	cuerpo_de_la_funcion_con_return  goto 192
	asignacion  goto 24
	invocacion  goto 25
	seleccion  goto 26
	ciclo_while  goto 27
	inicio_while  goto 28


state 216
	metodo : metodo_name '(' parametro ')' '{' '}' .  (41)

	.  reduce 41


state 217
	metodo : metodo_name '(' parametro ')' '{' cuerpo_de_la_funcion . '}'  (40)

	'}'  shift 218
	.  error


state 218
	metodo : metodo_name '(' parametro ')' '{' cuerpo_de_la_funcion '}' .  (40)

	.  reduce 40


39 terminals, 40 nonterminals
137 grammar rules, 219 states
